#
# An unexpected error has been detected by Java Runtime Environment:
#
#  Internal Error (0xe06d7363), pid=6136, tid=5640
#
# Java VM: Java HotSpot(TM) Client VM (10.0-b19 mixed mode windows-x86)
# Problematic frame:
# C  [kernel32.dll+0x1eb33]
#
# If you would like to submit a bug report, please visit:
#   http://java.sun.com/webapps/bugreport/crash.jsp
# The crash happened outside the Java Virtual Machine in native code.
# See problematic frame for where to report the bug.
#

---------------  T H R E A D  ---------------

Current thread (0x0288cc00):  JavaThread "main" [_thread_in_native, id=5640, stack(0x00430000,0x00c30000)]

siginfo: ExceptionCode=0xe06d7363, ExceptionInformation=0x19930520 0x00c27278 0x7b3972d4 

Registers:
EAX=0x00c21198, EBX=0x00000000, ECX=0x00000000, EDX=0x00000001
ESP=0x00c21194, EBP=0x00c211e8, ESI=0x00c21220, EDI=0x79407ab4
EIP=0x7c81eb33, EFLAGS=0x00000206

Top of Stack: (sp=0x00c21194)
0x00c21194:   00c2723c e06d7363 00000001 00000000
0x00c211a4:   7c81eb33 00000003 19930520 00c27278
0x00c211b4:   7b3972d4 1ce707c0 0000002f 1ce709f0
0x00c211c4:   00000025 00c211ec 7c42394d 1ce707c0
0x00c211d4:   0000002f 7c423958 00000025 00c2725c
0x00c211e4:   00c27298 00c21220 78158e69 e06d7363
0x00c211f4:   00000001 00000003 00c21214 e06d7363
0x00c21204:   00000001 00000000 00000000 00000003 

Instructions: (pc=0x7c81eb33)
0x7c81eb23:   8d 7d c4 f3 a5 5f 8d 45 b0 50 ff 15 04 15 80 7c
0x7c81eb33:   5e c9 c2 10 00 85 ff 0f 8e e6 d0 fe ff 8b 55 fc 


Stack: [0x00430000,0x00c30000],  sp=0x00c21194,  free space=8132k
Native frames: (J=compiled Java code, j=interpreted, Vv=VM code, C=native code)
C  [kernel32.dll+0x1eb33]
C  [MSVCR80.dll+0x28e69]
C  [libmx.dll+0x13bc9]
C  [libmx.dll+0x14218]
C  [jmi.dll+0x5b6c]
C  [jmi.dll+0x5bec]
C  [jmi.dll+0x6778]
C  0x7aeb2143
C  0x7aeb20d3
C  0x7aeb2227
C  [nativejmi.dll+0x6d8a]
C  [nativejmi.dll+0x6e5f]
C  [nativejmi.dll+0xab54]
C  [nativejmi.dll+0xa086]
C  [mlutil.dll+0x1267f]
C  [mlutil.dll+0x1a0fd]
C  [nativejmi.dll+0xabea]
J  com.mathworks.jmi.NativeMatlab.PostMatlabMessage(Ljava/lang/Object;J)V
J  com.mathworks.jmi.MatlabLooper.postMatlabMessage(Lcom/mathworks/services/message/MWMessage;Lcom/mathworks/services/message/MWHandler;)V
J  com.mathworks.jmi.MatlabMCR.postAsync(Lcom/mathworks/services/message/MWMessage;Lcom/mathworks/jmi/CompletionObserver;Lcom/mathworks/jmi/MatlabListener;)V
v  ~BufferBlob::Interpreter
v  ~BufferBlob::Interpreter
v  ~BufferBlob::Interpreter
v  ~BufferBlob::Interpreter
v  ~BufferBlob::Interpreter
v  ~BufferBlob::Interpreter
v  ~BufferBlob::Interpreter
v  ~BufferBlob::Interpreter
v  ~BufferBlob::Interpreter
v  ~BufferBlob::Interpreter
v  ~BufferBlob::Interpreter
v  ~BufferBlob::Interpreter
v  ~BufferBlob::StubRoutines (1)

Java frames: (J=compiled Java code, j=interpreted, Vv=VM code)
J  com.mathworks.jmi.NativeMatlab.PostMatlabMessage(Ljava/lang/Object;J)V
J  com.mathworks.jmi.MatlabLooper.postMatlabMessage(Lcom/mathworks/services/message/MWMessage;Lcom/mathworks/services/message/MWHandler;)V
J  com.mathworks.jmi.MatlabMCR.postAsync(Lcom/mathworks/services/message/MWMessage;Lcom/mathworks/jmi/CompletionObserver;Lcom/mathworks/jmi/MatlabListener;)V
v  ~BufferBlob::Interpreter
v  ~BufferBlob::Interpreter
v  ~BufferBlob::Interpreter
v  ~BufferBlob::Interpreter
v  ~BufferBlob::Interpreter
v  ~BufferBlob::Interpreter
v  ~BufferBlob::Interpreter
v  ~BufferBlob::Interpreter
v  ~BufferBlob::Interpreter
v  ~BufferBlob::Interpreter
v  ~BufferBlob::Interpreter
v  ~BufferBlob::Interpreter
v  ~BufferBlob::StubRoutines (1)

---------------  P R O C E S S  ---------------

Java Threads: ( => current thread )
  0x09ef6400 JavaThread "AWT-EventQueue-0" [_thread_blocked, id=5352, stack(0x0a750000,0x0a7d0000)]
  0x09270800 JavaThread "Timer-14" [_thread_blocked, id=5456, stack(0x0f220000,0x0f2a0000)]
  0x09bd3400 JavaThread "MultiThreadedHttpConnectionManager cleanup" daemon [_thread_blocked, id=4752, stack(0x04eb0000,0x04f30000)]
  0x09b44000 JavaThread "Prefs Updater" [_thread_blocked, id=2464, stack(0x0cd60000,0x0cde0000)]
  0x09ac6400 JavaThread "Thread-24" [_thread_blocked, id=4916, stack(0x0b4e0000,0x0b560000)]
  0x09ac4800 JavaThread "Thread-23" [_thread_blocked, id=4964, stack(0x0b460000,0x0b4e0000)]
  0x09ac1400 JavaThread "Thread-22" [_thread_blocked, id=4264, stack(0x0b3e0000,0x0b460000)]
  0x09abc000 JavaThread "Thread-21" [_thread_blocked, id=5156, stack(0x0b360000,0x0b3e0000)]
  0x09ab7800 JavaThread "Thread-20" [_thread_blocked, id=4360, stack(0x0b2e0000,0x0b360000)]
  0x09a8fc00 JavaThread "Thread-19" [_thread_blocked, id=5776, stack(0x0b260000,0x0b2e0000)]
  0x09a8d400 JavaThread "Thread-18" [_thread_blocked, id=5120, stack(0x0b1e0000,0x0b260000)]
  0x09a88000 JavaThread "Thread-17" [_thread_blocked, id=2832, stack(0x0b160000,0x0b1e0000)]
  0x09b3c000 JavaThread "Thread-16" [_thread_blocked, id=4400, stack(0x0b0e0000,0x0b160000)]
  0x09a4e000 JavaThread "Thread-15" [_thread_blocked, id=5040, stack(0x0b060000,0x0b0e0000)]
  0x09954400 JavaThread "Thread-14" [_thread_blocked, id=2184, stack(0x0afe0000,0x0b060000)]
  0x09a5b800 JavaThread "Thread-13" [_thread_blocked, id=4132, stack(0x0af60000,0x0afe0000)]
  0x099efc00 JavaThread "Thread-12" [_thread_blocked, id=5976, stack(0x0aad0000,0x0ab50000)]
  0x09a25000 JavaThread "Active Reference Queue Daemon" daemon [_thread_blocked, id=5924, stack(0x0aa00000,0x0aa80000)]
  0x094d8400 JavaThread "Timer-8" daemon [_thread_blocked, id=6128, stack(0x0a980000,0x0aa00000)]
  0x099f2800 JavaThread "Timer-7" daemon [_thread_blocked, id=4392, stack(0x0a900000,0x0a980000)]
  0x09829800 JavaThread "TimerQueue" daemon [_thread_blocked, id=4856, stack(0x0a490000,0x0a510000)]
  0x094ec400 JavaThread "Timer-0" [_thread_blocked, id=2572, stack(0x09690000,0x09710000)]
  0x094af800 JavaThread "AWT-Windows" daemon [_thread_in_native, id=1456, stack(0x095f0000,0x09670000)]
  0x094d4c00 JavaThread "AWT-Shutdown" [_thread_blocked, id=2624, stack(0x09570000,0x095f0000)]
  0x090ef800 JavaThread "Java2D Disposer" daemon [_thread_blocked, id=4776, stack(0x094f0000,0x09570000)]
  0x02b7a400 JavaThread "JMI Unnamed Thread" [_thread_in_native, id=5176, stack(0x033d0000,0x03bd0000)]
  0x02b17400 JavaThread "Low Memory Detector" daemon [_thread_blocked, id=5868, stack(0x08670000,0x086f0000)]
  0x02b15c00 JavaThread "CompilerThread0" daemon [_thread_blocked, id=1716, stack(0x07e70000,0x08670000)]
  0x02b11400 JavaThread "Attach Listener" daemon [_thread_blocked, id=5784, stack(0x07df0000,0x07e70000)]
  0x02affc00 JavaThread "Finalizer" daemon [_thread_blocked, id=2396, stack(0x07d70000,0x07df0000)]
  0x02afb400 JavaThread "Reference Handler" daemon [_thread_blocked, id=1440, stack(0x07cf0000,0x07d70000)]
=>0x0288cc00 JavaThread "main" [_thread_in_native, id=5640, stack(0x00430000,0x00c30000)]

Other Threads:
  0x02af6c00 VMThread [stack: 0x074f0000,0x07cf0000] [id=4404]
  0x02b2d800 WatcherThread [stack: 0x086f0000,0x08ef0000] [id=3772]

VM state:not at safepoint (normal execution)

VM Mutex/Monitor currently owned by a thread: None

Heap
 def new generation   total 29504K, used 29503K [0x10010000, 0x12010000, 0x12010000)
  eden space 26240K,  99% used [0x10010000, 0x119afff0, 0x119b0000)
  from space 3264K, 100% used [0x11ce0000, 0x12010000, 0x12010000)
  to   space 3264K,   0% used [0x119b0000, 0x119b0000, 0x11ce0000)
 tenured generation   total 98304K, used 98303K [0x12010000, 0x18010000, 0x18010000)
   the space 98304K,  99% used [0x12010000, 0x1800ffd8, 0x18010000, 0x18010000)
 compacting perm gen  total 35584K, used 35405K [0x18010000, 0x1a2d0000, 0x1c010000)
   the space 35584K,  99% used [0x18010000, 0x1a2a3600, 0x1a2a3600, 0x1a2d0000)
No shared spaces configured.

Dynamic libraries:
0x00400000 - 0x0042f000 	C:\Program Files\MATLAB\R2009a\bin\win32\MATLAB.exe
0x7c900000 - 0x7c9b0000 	C:\WINDOWS\system32\ntdll.dll
0x7c800000 - 0x7c8f4000 	C:\WINDOWS\system32\kernel32.dll
0x7b280000 - 0x7b34a000 	C:\Program Files\MATLAB\R2009a\bin\win32\libut.dll
0x76c90000 - 0x76cb8000 	C:\WINDOWS\system32\imagehlp.dll
0x77c10000 - 0x77c68000 	C:\WINDOWS\system32\msvcrt.dll
0x76bf0000 - 0x76bfb000 	C:\WINDOWS\system32\PSAPI.DLL
0x7bba0000 - 0x7bbbf000 	C:\Program Files\MATLAB\R2009a\bin\win32\LIBEXPAT.dll
0x78130000 - 0x781cb000 	C:\WINDOWS\WinSxS\x86_Microsoft.VC80.CRT_1fc8b3b9a1e18e3b_8.0.50727.762_x-ww_6b128700\MSVCR80.dll
0x7b6b0000 - 0x7b791000 	C:\Program Files\MATLAB\R2009a\bin\win32\icuuc38.dll
0x77dd0000 - 0x77e6b000 	C:\WINDOWS\system32\ADVAPI32.dll
0x77e70000 - 0x77f01000 	C:\WINDOWS\system32\RPCRT4.dll
0x7ad90000 - 0x7ad94000 	C:\Program Files\MATLAB\R2009a\bin\win32\icudt38.dll
0x7ada0000 - 0x7adac000 	C:\Program Files\MATLAB\R2009a\bin\win32\icuio38.dll
0x7afe0000 - 0x7b0c4000 	C:\Program Files\MATLAB\R2009a\bin\win32\icuin38.dll
0x7c420000 - 0x7c4a7000 	C:\WINDOWS\WinSxS\x86_Microsoft.VC80.CRT_1fc8b3b9a1e18e3b_8.0.50727.762_x-ww_6b128700\MSVCP80.dll
0x77d40000 - 0x77dd0000 	C:\WINDOWS\system32\USER32.dll
0x77f10000 - 0x77f56000 	C:\WINDOWS\system32\GDI32.dll
0x782e0000 - 0x78317000 	C:\Program Files\MATLAB\R2009a\bin\win32\libmwfl.dll
0x10000000 - 0x1000e000 	C:\Program Files\MATLAB\R2009a\bin\win32\boost_date_time-vc80-mt-1_36.dll
0x002a0000 - 0x002b0000 	C:\Program Files\MATLAB\R2009a\bin\win32\boost_signals-vc80-mt-1_36.dll
0x002c0000 - 0x002c7000 	C:\Program Files\MATLAB\R2009a\bin\win32\boost_system-vc80-mt-1_36.dll
0x002e0000 - 0x002ec000 	C:\Program Files\MATLAB\R2009a\bin\win32\boost_thread-vc80-mt-1_36.dll
0x7b3b0000 - 0x7b59a000 	C:\Program Files\MATLAB\R2009a\bin\win32\libmwservices.dll
0x7b350000 - 0x7b3aa000 	C:\Program Files\MATLAB\R2009a\bin\win32\libmx.dll
0x787a0000 - 0x787b3000 	C:\Program Files\MATLAB\R2009a\bin\win32\zlib1.dll
0x7b5a0000 - 0x7b6af000 	C:\Program Files\MATLAB\R2009a\bin\win32\libmwmathutil.dll
0x79510000 - 0x79543000 	C:\Program Files\MATLAB\R2009a\bin\win32\mpath.dll
0x00340000 - 0x0036f000 	C:\Program Files\MATLAB\R2009a\bin\win32\mlutil.dll
0x00380000 - 0x003b9000 	C:\Program Files\MATLAB\R2009a\bin\win32\tbb.dll
0x00c30000 - 0x00cc7000 	C:\WINDOWS\system32\COMCTL32.dll
0x763b0000 - 0x763f9000 	C:\WINDOWS\system32\comdlg32.dll
0x77f60000 - 0x77fd6000 	C:\WINDOWS\system32\SHLWAPI.dll
0x7c9c0000 - 0x7d1d4000 	C:\WINDOWS\system32\SHELL32.dll
0x00cd0000 - 0x00d24000 	C:\WINDOWS\system32\NETAPI32.dll
0x71ab0000 - 0x71ac7000 	C:\WINDOWS\system32\WS2_32.dll
0x71aa0000 - 0x71aa8000 	C:\WINDOWS\system32\WS2HELP.dll
0x79a80000 - 0x79ad3000 	C:\Program Files\MATLAB\R2009a\bin\win32\mcr.dll
0x7adb0000 - 0x7adeb000 	C:\Program Files\MATLAB\R2009a\bin\win32\iqm.dll
0x7a080000 - 0x7a558000 	C:\Program Files\MATLAB\R2009a\bin\win32\m_interpreter.dll
0x7ae00000 - 0x7ae0c000 	C:\Program Files\MATLAB\R2009a\bin\win32\libmex.dll
0x79960000 - 0x799b7000 	C:\Program Files\MATLAB\R2009a\bin\win32\m_dispatcher.dll
0x78670000 - 0x7868c000 	C:\Program Files\MATLAB\R2009a\bin\win32\datasvcs.dll
0x78df0000 - 0x78fb2000 	C:\Program Files\MATLAB\R2009a\bin\win32\xerces-c_2_7.dll
0x00d60000 - 0x00dfd000 	C:\Program Files\MATLAB\R2009a\bin\win32\boost_regex-vc80-mt-1_36.dll
0x79870000 - 0x798c7000 	C:\Program Files\MATLAB\R2009a\bin\win32\profiler.dll
0x7ae60000 - 0x7ae7e000 	C:\Program Files\MATLAB\R2009a\bin\win32\libmwmathrng.dll
0x78720000 - 0x78732000 	C:\Program Files\MATLAB\R2009a\bin\win32\m_pcodeio.dll
0x794d0000 - 0x79507000 	C:\Program Files\MATLAB\R2009a\bin\win32\m_ir.dll
0x79b60000 - 0x7a077000 	C:\Program Files\MATLAB\R2009a\bin\win32\m_parser.dll
0x7adf0000 - 0x7adfe000 	C:\Program Files\MATLAB\R2009a\bin\win32\ir_xfmr.dll
0x78320000 - 0x78468000 	C:\Program Files\MATLAB\R2009a\bin\win32\mcos.dll
0x7aea0000 - 0x7aeaa000 	C:\Program Files\MATLAB\R2009a\bin\win32\mtok.dll
0x78700000 - 0x78716000 	C:\Program Files\MATLAB\R2009a\bin\win32\m_pcodegen.dll
0x78650000 - 0x7866b000 	C:\Program Files\MATLAB\R2009a\bin\win32\bridge.dll
0x7aae0000 - 0x7ab64000 	C:\Program Files\MATLAB\R2009a\bin\win32\udd.dll
0x7b7a0000 - 0x7b89b000 	C:\Program Files\MATLAB\R2009a\bin\win32\libmwgui.dll
0x78800000 - 0x789f1000 	C:\Program Files\MATLAB\R2009a\bin\win32\hg.dll
0x78690000 - 0x786b2000 	C:\Program Files\MATLAB\R2009a\bin\win32\libmat.dll
0x7b0d0000 - 0x7b275000 	C:\Program Files\MATLAB\R2009a\bin\win32\libhdf5.dll
0x793e0000 - 0x7941e000 	C:\Program Files\MATLAB\R2009a\bin\win32\jmi.dll
0x790f0000 - 0x7911c000 	C:\Program Files\MATLAB\R2009a\bin\win32\libmwhardcopy.dll
0x79490000 - 0x794c7000 	C:\Program Files\MATLAB\R2009a\bin\win32\libuij.dll
0x78d50000 - 0x78de5000 	C:\Program Files\MATLAB\R2009a\bin\win32\libmwmathlinalg.dll
0x78a60000 - 0x78d42000 	C:\Program Files\MATLAB\R2009a\bin\win32\libmwmathelem.dll
0x78a00000 - 0x78a52000 	C:\Program Files\MATLAB\R2009a\bin\win32\libmwmathcore.dll
0x798d0000 - 0x79917000 	C:\Program Files\MATLAB\R2009a\bin\win32\libmwcholmod.dll
0x7ae10000 - 0x7ae1a000 	C:\Program Files\MATLAB\R2009a\bin\win32\libmwamd.dll
0x7ae40000 - 0x7ae49000 	C:\Program Files\MATLAB\R2009a\bin\win32\libmwcolamd.dll
0x7ae30000 - 0x7ae3d000 	C:\Program Files\MATLAB\R2009a\bin\win32\libmwblas.dll
0x7ae20000 - 0x7ae2c000 	C:\Program Files\MATLAB\R2009a\bin\win32\libmwbinder.dll
0x786c0000 - 0x786f8000 	C:\Program Files\MATLAB\R2009a\bin\win32\libmwlapack.dll
0x00fc0000 - 0x00ff5000 	C:\Program Files\MATLAB\R2009a\bin\win32\libmwrookfastbp.dll
0x79120000 - 0x7915c000 	C:\Program Files\MATLAB\R2009a\bin\win32\libmwma57.dll
0x7aef0000 - 0x7afd9000 	C:\Program Files\MATLAB\R2009a\bin\win32\libifcoremd.dll
0x79550000 - 0x79813000 	C:\Program Files\MATLAB\R2009a\bin\win32\libmmd.dll
0x7ae50000 - 0x7ae5c000 	C:\Program Files\MATLAB\R2009a\bin\win32\libmwcsparse.dll
0x79a20000 - 0x79a73000 	C:\Program Files\MATLAB\R2009a\bin\win32\libmwumfpack.dll
0x01040000 - 0x010e7000 	C:\Program Files\MATLAB\R2009a\bin\win32\hgdatatypes.dll
0x7ab70000 - 0x7ad89000 	C:\Program Files\MATLAB\R2009a\bin\win32\uiw.dll
0x7aee0000 - 0x7aee9000 	C:\Program Files\MATLAB\R2009a\bin\win32\uinone.dll
0x781d0000 - 0x782df000 	C:\WINDOWS\WinSxS\x86_Microsoft.VC80.MFC_1fc8b3b9a1e18e3b_8.0.50727.762_x-ww_3bf8fa05\MFC80.DLL
0x73000000 - 0x73026000 	C:\WINDOWS\system32\WINSPOOL.DRV
0x774e0000 - 0x7761c000 	C:\WINDOWS\system32\ole32.dll
0x77120000 - 0x771ac000 	C:\WINDOWS\system32\OLEAUT32.dll
0x79ae0000 - 0x79b55000 	C:\Program Files\MATLAB\R2009a\bin\win32\udd_mi.dll
0x78740000 - 0x78753000 	C:\Program Files\MATLAB\R2009a\bin\win32\mwoles05.DLL
0x79820000 - 0x79864000 	C:\Program Files\MATLAB\R2009a\bin\win32\comcli.dll
0x7c630000 - 0x7c64b000 	C:\WINDOWS\WinSxS\x86_Microsoft.VC80.ATL_1fc8b3b9a1e18e3b_8.0.50727.762_x-ww_cbb27474\ATL80.DLL
0x7ae90000 - 0x7ae9b000 	C:\Program Files\MATLAB\R2009a\bin\win32\mlautoregister.dll
0x01470000 - 0x01479000 	C:\WINDOWS\system32\LPK.DLL
0x74d90000 - 0x74dfb000 	C:\WINDOWS\system32\USP10.dll
0x773d0000 - 0x774d2000 	C:\WINDOWS\WinSxS\x86_Microsoft.Windows.Common-Controls_6595b64144ccf1df_6.0.2600.2180_x-ww_a84f1ff9\comctl32.dll
0x026e0000 - 0x026ee000 	C:\WINDOWS\WinSxS\x86_Microsoft.VC80.MFCLOC_1fc8b3b9a1e18e3b_8.0.50727.762_x-ww_91481303\MFC80ENU.DLL
0x02710000 - 0x02748000 	C:\WINDOWS\system32\uxtheme.dll
0x74720000 - 0x7476b000 	C:\WINDOWS\system32\MSCTF.dll
0x76d60000 - 0x76d79000 	C:\WINDOWS\system32\iphlpapi.dll
0x77fe0000 - 0x77ff1000 	C:\WINDOWS\system32\Secur32.dll
0x74290000 - 0x74294000 	C:\WINDOWS\system32\icmp.Dll
0x79190000 - 0x793e0000 	C:\Program Files\MATLAB\R2009a\sys\java\jre\win32\jre\bin\client\jvm.dll
0x76b40000 - 0x76b6d000 	C:\WINDOWS\system32\WINMM.dll
0x02820000 - 0x02876000 	C:\Program Files\MATLAB\R2009a\bin\win32\MSVCR71.dll
0x028a0000 - 0x02941000 	C:\WINDOWS\system32\DBGHELP.dll
0x77c00000 - 0x77c08000 	C:\WINDOWS\system32\VERSION.dll
0x79920000 - 0x79928000 	C:\Program Files\MATLAB\R2009a\sys\java\jre\win32\jre\bin\hpi.dll
0x79940000 - 0x7994c000 	C:\Program Files\MATLAB\R2009a\sys\java\jre\win32\jre\bin\verify.dll
0x787c0000 - 0x787df000 	C:\Program Files\MATLAB\R2009a\sys\java\jre\win32\jre\bin\java.dll
0x79950000 - 0x7995f000 	C:\Program Files\MATLAB\R2009a\sys\java\jre\win32\jre\bin\zip.dll
0x78fc0000 - 0x790ee000 	C:\Program Files\MATLAB\R2009a\sys\java\jre\win32\jre\bin\awt.dll
0x76390000 - 0x763ad000 	C:\WINDOWS\system32\IMM32.dll
0x78760000 - 0x78778000 	C:\Program Files\MATLAB\R2009a\bin\win32\nativejava.dll
0x78780000 - 0x7879d000 	C:\Program Files\MATLAB\R2009a\bin\win32\nativejmi.dll
0x7aed0000 - 0x7aed6000 	C:\Program Files\MATLAB\R2009a\bin\win32\nativeservices.dll
0x799c0000 - 0x79a13000 	C:\Program Files\MATLAB\R2009a\sys\java\jre\win32\jre\bin\fontmanager.dll
0x787e0000 - 0x787f3000 	C:\Program Files\MATLAB\R2009a\sys\java\jre\win32\jre\bin\net.dll
0x79930000 - 0x79939000 	C:\Program Files\MATLAB\R2009a\sys\java\jre\win32\jre\bin\nio.dll
0x0a470000 - 0x0a476000 	C:\Program Files\MATLAB\R2009a\bin\win32\nativelmgr.dll
0x0a510000 - 0x0a534000 	C:\Program Files\MATLAB\R2009a\sys\java\jre\win32\jre\bin\jpeg.dll
0x0a560000 - 0x0a6f0000 	C:\Program Files\MATLAB\R2009a\bin\win32\instutil.dll
0x71a50000 - 0x71a8f000 	C:\WINDOWS\System32\mswsock.dll
0x76f20000 - 0x76f47000 	C:\WINDOWS\system32\DNSAPI.dll
0x76fb0000 - 0x76fb8000 	C:\WINDOWS\System32\winrnr.dll
0x76f60000 - 0x76f8c000 	C:\WINDOWS\system32\WLDAP32.dll
0x76fc0000 - 0x76fc6000 	C:\WINDOWS\system32\rasadhlp.dll
0x77b40000 - 0x77b62000 	C:\WINDOWS\system32\appHelp.dll
0x76fd0000 - 0x7704f000 	C:\WINDOWS\system32\CLBCATQ.DLL
0x77050000 - 0x77115000 	C:\WINDOWS\system32\COMRes.dll
0x77920000 - 0x77a13000 	C:\WINDOWS\system32\SETUPAPI.dll

VM Arguments:
jvm_args: -Xss512k -XX:PermSize=32m -Xms64m -XX:NewRatio=3 -XX:MaxPermSize=64m -Xmx128m -XX:MaxDirectMemorySize=1200000000 -Dsun.java2d.noddraw=true -Dsun.awt.nopixfmt=true -Xshare:off -Xrs -Djava.library.path=C:\Program Files\MATLAB\R2009a\bin\win32 vfprintf abort 
java_command: <unknown>
Launcher Type: generic

Environment Variables:
PATH=C:\WINDOWS\system32;C:\WINDOWS;C:\WINDOWS\system32\wbem;C:\Program Files\MATLAB\R2009a\bin;C:\Program Files\MATLAB\R2009a\bin\win32;C:\Program Files\MATLAB\R2008a\bin;C:\Program Files\MATLAB\R2008a\bin\win32;C:\Program Files\MATLAB\R2007a\bin;C:\Program Files\MATLAB\R2007a\bin\win32;C:\VXIPNP\WinNT\Bin;C:\Program Files\IVI\bin;C:\Program Files\Intel\DMIX
USERNAME=Administrator
OS=Windows_NT
PROCESSOR_IDENTIFIER=x86 Family 6 Model 15 Stepping 6, GenuineIntel



---------------  S Y S T E M  ---------------

OS: Windows XP Build 2600 Service Pack 2

CPU:total 2 (2 cores per cpu, 1 threads per core) family 6 model 15 stepping 6, cmov, cx8, fxsr, mmx, sse, sse2, sse3, ssse3

Memory: 4k page, physical 2096428k(1133080k free), swap 4033268k(3094312k free)

vm_info: Java HotSpot(TM) Client VM (10.0-b19) for windows-x86 JRE (1.6.0_04-b12), built on Dec 14 2007 00:51:20 by "java_re" with MS VC++ 7.1

time: Sun May 15 18:50:04 2011
elapsed time: 9924 seconds

