#
# An unexpected error has been detected by Java Runtime Environment:
#
#  Internal Error (0xe06d7363), pid=3580, tid=4476
#
# Java VM: Java HotSpot(TM) Client VM (10.0-b19 mixed mode windows-x86)
# Problematic frame:
# C  [kernel32.dll+0x1eb33]
#
# If you would like to submit a bug report, please visit:
#   http://java.sun.com/webapps/bugreport/crash.jsp
# The crash happened outside the Java Virtual Machine in native code.
# See problematic frame for where to report the bug.
#

---------------  T H R E A D  ---------------

Current thread (0x02a2cc00):  JavaThread "main" [_thread_in_native, id=4476, stack(0x00430000,0x00c30000)]

siginfo: ExceptionCode=0xe06d7363, ExceptionInformation=0x19930520 0x00c22bc4 0x7b3972d4 

Registers:
EAX=0x00c1cae4, EBX=0x00000000, ECX=0x00000000, EDX=0x00000001
ESP=0x00c1cae0, EBP=0x00c1cb34, ESI=0x00c1cb6c, EDI=0x79407ab4
EIP=0x7c81eb33, EFLAGS=0x00000206

Top of Stack: (sp=0x00c1cae0)
0x00c1cae0:   00c22b88 e06d7363 00000001 00000000
0x00c1caf0:   7c81eb33 00000003 19930520 00c22bc4
0x00c1cb00:   7b3972d4 23f41e88 0000002f 23f455e0
0x00c1cb10:   00000025 00c1cb38 7c42394d 23f41e88
0x00c1cb20:   0000002f 7c423958 00000025 00c22ba8
0x00c1cb30:   00c22be4 00c1cb6c 78158e69 e06d7363
0x00c1cb40:   00000001 00000003 00c1cb60 e06d7363
0x00c1cb50:   00000001 00000000 00000000 00000003 

Instructions: (pc=0x7c81eb33)
0x7c81eb23:   8d 7d c4 f3 a5 5f 8d 45 b0 50 ff 15 04 15 80 7c
0x7c81eb33:   5e c9 c2 10 00 85 ff 0f 8e e6 d0 fe ff 8b 55 fc 


Stack: [0x00430000,0x00c30000],  sp=0x00c1cae0,  free space=8114k
Native frames: (J=compiled Java code, j=interpreted, Vv=VM code, C=native code)
C  [kernel32.dll+0x1eb33]
C  [MSVCR80.dll+0x28e69]
C  [libmx.dll+0x13bc9]
C  [libmx.dll+0x14218]
C  [jmi.dll+0x5b6c]
C  [jmi.dll+0x5bec]
C  [jmi.dll+0x6778]
C  [nativecmdwin.dll+0x2143]
C  [nativecmdwin.dll+0x20d3]
C  [nativecmdwin.dll+0x2227]
C  [libmwservices.dll+0xb8bbd]
C  [nativejmi.dll+0xd717]
C  [nativejmi.dll+0x6d8a]
C  [nativejmi.dll+0x6e5f]
C  [nativejmi.dll+0xab54]
C  [nativejmi.dll+0xa086]
C  [mlutil.dll+0x1267f]
C  [mlutil.dll+0x1a0fd]
C  [nativejmi.dll+0xabea]
J  com.mathworks.jmi.NativeMatlab.PostMatlabMessage(Ljava/lang/Object;J)V
J  com.mathworks.jmi.MatlabLooper.postMatlabMessage(Lcom/mathworks/services/message/MWMessage;Lcom/mathworks/services/message/MWHandler;)V
J  com.mathworks.jmi.MatlabMCR.postAsync(Lcom/mathworks/services/message/MWMessage;Lcom/mathworks/jmi/CompletionObserver;Lcom/mathworks/jmi/MatlabListener;)V
v  ~BufferBlob::Interpreter
v  ~BufferBlob::Interpreter
v  ~BufferBlob::Interpreter
v  ~BufferBlob::Interpreter
v  ~BufferBlob::Interpreter
v  ~BufferBlob::Interpreter
v  ~BufferBlob::Interpreter
v  ~BufferBlob::Interpreter
v  ~BufferBlob::Interpreter
v  ~BufferBlob::Interpreter
v  ~BufferBlob::Interpreter
v  ~BufferBlob::Interpreter
v  ~BufferBlob::StubRoutines (1)

Java frames: (J=compiled Java code, j=interpreted, Vv=VM code)
J  com.mathworks.jmi.NativeMatlab.PostMatlabMessage(Ljava/lang/Object;J)V
J  com.mathworks.jmi.MatlabLooper.postMatlabMessage(Lcom/mathworks/services/message/MWMessage;Lcom/mathworks/services/message/MWHandler;)V
J  com.mathworks.jmi.MatlabMCR.postAsync(Lcom/mathworks/services/message/MWMessage;Lcom/mathworks/jmi/CompletionObserver;Lcom/mathworks/jmi/MatlabListener;)V
v  ~BufferBlob::Interpreter
v  ~BufferBlob::Interpreter
v  ~BufferBlob::Interpreter
v  ~BufferBlob::Interpreter
v  ~BufferBlob::Interpreter
v  ~BufferBlob::Interpreter
v  ~BufferBlob::Interpreter
v  ~BufferBlob::Interpreter
v  ~BufferBlob::Interpreter
v  ~BufferBlob::Interpreter
v  ~BufferBlob::Interpreter
v  ~BufferBlob::Interpreter
v  ~BufferBlob::StubRoutines (1)
J  com.mathworks.jmi.NativeMatlab.PostMatlabMessage(Ljava/lang/Object;J)V
J  com.mathworks.jmi.MatlabLooper.postMatlabMessage(Lcom/mathworks/services/message/MWMessage;Lcom/mathworks/services/message/MWHandler;)V
J  com.mathworks.jmi.MatlabMCR.postAsync(Lcom/mathworks/services/message/MWMessage;Lcom/mathworks/jmi/CompletionObserver;Lcom/mathworks/jmi/MatlabListener;)V
v  ~BufferBlob::Interpreter
v  ~BufferBlob::Interpreter
v  ~BufferBlob::Interpreter
v  ~BufferBlob::Interpreter
v  ~BufferBlob::Interpreter
v  ~BufferBlob::Interpreter
v  ~BufferBlob::Interpreter
v  ~BufferBlob::Interpreter
v  ~BufferBlob::Interpreter
v  ~BufferBlob::Interpreter
v  ~BufferBlob::Interpreter
v  ~BufferBlob::Interpreter
v  ~BufferBlob::StubRoutines (1)
J  com.mathworks.jmi.NativeMatlab.PostMatlabMessage(Ljava/lang/Object;J)V
J  com.mathworks.jmi.MatlabLooper.postMatlabMessage(Lcom/mathworks/services/message/MWMessage;Lcom/mathworks/services/message/MWHandler;)V
J  com.mathworks.jmi.MatlabMCR.postAsync(Lcom/mathworks/services/message/MWMessage;Lcom/mathworks/jmi/CompletionObserver;Lcom/mathworks/jmi/MatlabListener;)V
v  ~BufferBlob::Interpreter
v  ~BufferBlob::Interpreter
v  ~BufferBlob::Interpreter
v  ~BufferBlob::Interpreter
v  ~BufferBlob::Interpreter
v  ~BufferBlob::Interpreter
v  ~BufferBlob::Interpreter
v  ~BufferBlob::Interpreter
v  ~BufferBlob::Interpreter
v  ~BufferBlob::Interpreter
v  ~BufferBlob::Interpreter
v  ~BufferBlob::Interpreter
v  ~BufferBlob::StubRoutines (1)
J  com.mathworks.jmi.NativeMatlab.PostMatlabMessage(Ljava/lang/Object;J)V
J  com.mathworks.jmi.MatlabLooper.postMatlabMessage(Lcom/mathworks/services/message/MWMessage;Lcom/mathworks/services/message/MWHandler;)V
J  com.mathworks.jmi.MatlabMCR.postAsync(Lcom/mathworks/services/message/MWMessage;Lcom/mathworks/jmi/CompletionObserver;Lcom/mathworks/jmi/MatlabListener;)V
v  ~BufferBlob::Interpreter
v  ~BufferBlob::Interpreter
v  ~BufferBlob::Interpreter
v  ~BufferBlob::Interpreter
v  ~BufferBlob::Interpreter
v  ~BufferBlob::Interpreter
v  ~BufferBlob::Interpreter
v  ~BufferBlob::Interpreter
v  ~BufferBlob::Interpreter
v  ~BufferBlob::Interpreter
v  ~BufferBlob::Interpreter
v  ~BufferBlob::Interpreter
v  ~BufferBlob::StubRoutines (1)
J  com.mathworks.jmi.NativeMatlab.PostMatlabMessage(Ljava/lang/Object;J)V
J  com.mathworks.jmi.MatlabLooper.postMatlabMessage(Lcom/mathworks/services/message/MWMessage;Lcom/mathworks/services/message/MWHandler;)V
J  com.mathworks.jmi.MatlabMCR.postAsync(Lcom/mathworks/services/message/MWMessage;Lcom/mathworks/jmi/CompletionObserver;Lcom/mathworks/jmi/MatlabListener;)V
v  ~BufferBlob::Interpreter
v  ~BufferBlob::Interpreter
v  ~BufferBlob::Interpreter
v  ~BufferBlob::Interpreter
v  ~BufferBlob::Interpreter
v  ~BufferBlob::Interpreter
v  ~BufferBlob::Interpreter
v  ~BufferBlob::Interpreter
v  ~BufferBlob::Interpreter
v  ~BufferBlob::Interpreter
v  ~BufferBlob::Interpreter
v  ~BufferBlob::Interpreter
v  ~BufferBlob::StubRoutines (1)
J  com.mathworks.jmi.NativeMatlab.PostMatlabMessage(Ljava/lang/Object;J)V
J  com.mathworks.jmi.MatlabLooper.postMatlabMessage(Lcom/mathworks/services/message/MWMessage;Lcom/mathworks/services/message/MWHandler;)V
J  com.mathworks.jmi.MatlabMCR.postAsync(Lcom/mathworks/services/message/MWMessage;Lcom/mathworks/jmi/CompletionObserver;Lcom/mathworks/jmi/MatlabListener;)V
v  ~BufferBlob::Interpreter
v  ~BufferBlob::Interpreter
v  ~BufferBlob::Interpreter
v  ~BufferBlob::Interpreter
v  ~BufferBlob::Interpreter
v  ~BufferBlob::Interpreter
v  ~BufferBlob::Interpreter
v  ~BufferBlob::Interpreter
v  ~BufferBlob::Interpreter
v  ~BufferBlob::Interpreter
v  ~BufferBlob::Interpreter
v  ~BufferBlob::Interpreter
v  ~BufferBlob::StubRoutines (1)
J  com.mathworks.jmi.NativeMatlab.PostMatlabMessage(Ljava/lang/Object;J)V
J  com.mathworks.jmi.MatlabLooper.postMatlabMessage(Lcom/mathworks/services/message/MWMessage;Lcom/mathworks/services/message/MWHandler;)V
J  com.mathworks.jmi.MatlabMCR.postAsync(Lcom/mathworks/services/message/MWMessage;Lcom/mathworks/jmi/CompletionObserver;Lcom/mathworks/jmi/MatlabListener;)V
v  ~BufferBlob::Interpreter
v  ~BufferBlob::Interpreter
v  ~BufferBlob::Interpreter
v  ~BufferBlob::Interpreter
v  ~BufferBlob::Interpreter
v  ~BufferBlob::Interpreter
v  ~BufferBlob::Interpreter
v  ~BufferBlob::Interpreter
v  ~BufferBlob::Interpreter
v  ~BufferBlob::Interpreter
v  ~BufferBlob::Interpreter
v  ~BufferBlob::Interpreter
v  ~BufferBlob::StubRoutines (1)
J  com.mathworks.jmi.NativeMatlab.PostMatlabMessage(Ljava/lang/Object;J)V
J  com.mathworks.jmi.MatlabLooper.postMatlabMessage(Lcom/mathworks/services/message/MWMessage;Lcom/mathworks/services/message/MWHandler;)V
J  com.mathworks.jmi.MatlabMCR.postAsync(Lcom/mathworks/services/message/MWMessage;Lcom/mathworks/jmi/CompletionObserver;Lcom/mathworks/jmi/MatlabListener;)V
v  ~BufferBlob::Interpreter
v  ~BufferBlob::Interpreter
v  ~BufferBlob::Interpreter
v  ~BufferBlob::Interpreter
v  ~BufferBlob::Interpreter
v  ~BufferBlob::Interpreter
v  ~BufferBlob::Interpreter
v  ~BufferBlob::Interpreter
v  ~BufferBlob::Interpreter
v  ~BufferBlob::Interpreter
v  ~BufferBlob::Interpreter
v  ~BufferBlob::Interpreter
v  ~BufferBlob::StubRoutines (1)
J  com.mathworks.jmi.NativeMatlab.PostMatlabMessage(Ljava/lang/Object;J)V
J  com.mathworks.jmi.MatlabLooper.postMatlabMessage(Lcom/mathworks/services/message/MWMessage;Lcom/mathworks/services/message/MWHandler;)V
J  com.mathworks.jmi.MatlabMCR.postAsync(Lcom/mathworks/services/message/MWMessage;Lcom/mathworks/jmi/CompletionObserver;Lcom/mathworks/jmi/MatlabListener;)V
v  ~BufferBlob::Interpreter
v  ~BufferBlob::Interpreter
v  ~BufferBlob::Interpreter
v  ~BufferBlob::Interpreter
v  ~BufferBlob::Interpreter
v  ~BufferBlob::Interpreter
v  ~BufferBlob::Interpreter
v  ~BufferBlob::Interpreter
v  ~BufferBlob::Interpreter
v  ~BufferBlob::Interpreter
v  ~BufferBlob::Interpreter
v  ~BufferBlob::Interpreter
v  ~BufferBlob::StubRoutines (1)
J  com.mathworks.jmi.NativeMatlab.PostMatlabMessage(Ljava/lang/Object;J)V
J  com.mathworks.jmi.MatlabLooper.postMatlabMessage(Lcom/mathworks/services/message/MWMessage;Lcom/mathworks/services/message/MWHandler;)V
J  com.mathworks.jmi.MatlabMCR.postAsync(Lcom/mathworks/services/message/MWMessage;Lcom/mathworks/jmi/CompletionObserver;Lcom/mathworks/jmi/MatlabListener;)V
v  ~BufferBlob::Interpreter
v  ~BufferBlob::Interpreter
v  ~BufferBlob::Interpreter
v  ~BufferBlob::Interpreter
v  ~BufferBlob::Interpreter
v  ~BufferBlob::Interpreter
v  ~BufferBlob::Interpreter
v  ~BufferBlob::Interpreter
v  ~BufferBlob::Interpreter
v  ~BufferBlob::Interpreter
v  ~BufferBlob::Interpreter
v  ~BufferBlob::Interpreter
v  ~BufferBlob::StubRoutines (1)
J  com.mathworks.jmi.NativeMatlab.PostMatlabMessage(Ljava/lang/Object;J)V
J  com.mathworks.jmi.MatlabLooper.postMatlabMessage(Lcom/mathworks/services/message/MWMessage;Lcom/mathworks/services/message/MWHandler;)V
J  com.mathworks.jmi.MatlabMCR.postAsync(Lcom/mathworks/services/message/MWMessage;Lcom/mathworks/jmi/CompletionObserver;Lcom/mathworks/jmi/MatlabListener;)V
v  ~BufferBlob::Interpreter
v  ~BufferBlob::Interpreter
v  ~BufferBlob::Interpreter
v  ~BufferBlob::Interpreter
v  ~BufferBlob::Interpreter
v  ~BufferBlob::Interpreter
v  ~BufferBlob::Interpreter
v  ~BufferBlob::Interpreter
v  ~BufferBlob::Interpreter
v  ~BufferBlob::Interpreter
v  ~BufferBlob::Interpreter
v  ~BufferBlob::Interpreter
v  ~BufferBlob::StubRoutines (1)
J  com.mathworks.jmi.NativeMatlab.PostMatlabMessage(Ljava/lang/Object;J)V
J  com.mathworks.jmi.MatlabLooper.postMatlabMessage(Lcom/mathworks/services/message/MWMessage;Lcom/mathworks/services/message/MWHandler;)V
J  com.mathworks.jmi.MatlabMCR.postAsync(Lcom/mathworks/services/message/MWMessage;Lcom/mathworks/jmi/CompletionObserver;Lcom/mathworks/jmi/MatlabListener;)V
v  ~BufferBlob::Interpreter
v  ~BufferBlob::Interpreter
v  ~BufferBlob::Interpreter
v  ~BufferBlob::Interpreter
v  ~BufferBlob::Interpreter
v  ~BufferBlob::Interpreter
v  ~BufferBlob::Interpreter
v  ~BufferBlob::Interpreter
v  ~BufferBlob::Interpreter
v  ~BufferBlob::Interpreter
v  ~BufferBlob::Interpreter
v  ~BufferBlob::Interpreter
v  ~BufferBlob::StubRoutines (1)
J  com.mathworks.jmi.NativeMatlab.PostMatlabMessage(Ljava/lang/Object;J)V
J  com.mathworks.jmi.MatlabLooper.postMatlabMessage(Lcom/mathworks/services/message/MWMessage;Lcom/mathworks/services/message/MWHandler;)V
J  com.mathworks.jmi.MatlabMCR.postAsync(Lcom/mathworks/services/message/MWMessage;Lcom/mathworks/jmi/CompletionObserver;Lcom/mathworks/jmi/MatlabListener;)V
v  ~BufferBlob::Interpreter
v  ~BufferBlob::Interpreter
v  ~BufferBlob::Interpreter
v  ~BufferBlob::Interpreter
v  ~BufferBlob::Interpreter
v  ~BufferBlob::Interpreter
v  ~BufferBlob::Interpreter
v  ~BufferBlob::Interpreter
v  ~BufferBlob::Interpreter
v  ~BufferBlob::Interpreter
v  ~BufferBlob::Interpreter
v  ~BufferBlob::Interpreter
v  ~BufferBlob::StubRoutines (1)

---------------  P R O C E S S  ---------------

Java Threads: ( => current thread )
  0x09d7b400 JavaThread "AWT-EventQueue-0" [_thread_blocked, id=5556, stack(0x0a640000,0x0a6c0000)]
  0x090b3400 JavaThread "AWT-EventQueue-0" [_thread_blocked, id=5072, stack(0x0df80000,0x0e000000)]
  0x09b2c800 JavaThread "AWT-EventQueue-0" [_thread_blocked, id=4024, stack(0x0def0000,0x0df70000)]
  0x09141000 JavaThread "MultiThreadedHttpConnectionManager cleanup" daemon [_thread_blocked, id=5764, stack(0x049d0000,0x04a50000)]
  0x09bb4400 JavaThread "Thread-7" [_thread_blocked, id=5304, stack(0x0b020000,0x0b0a0000)]
  0x09ae8800 JavaThread "Thread-6" [_thread_blocked, id=4836, stack(0x0aba0000,0x0ac20000)]
  0x09b3b800 JavaThread "Thread-5" [_thread_blocked, id=4996, stack(0x0ab00000,0x0ab80000)]
  0x09aa0c00 JavaThread "Active Reference Queue Daemon" daemon [_thread_blocked, id=3600, stack(0x0aa00000,0x0aa80000)]
  0x09ae3800 JavaThread "Timer-2" daemon [_thread_blocked, id=4552, stack(0x0a980000,0x0aa00000)]
  0x09ac9c00 JavaThread "Timer-1" daemon [_thread_blocked, id=5580, stack(0x0a900000,0x0a980000)]
  0x09960800 JavaThread "TimerQueue" daemon [_thread_blocked, id=4656, stack(0x0a530000,0x0a5b0000)]
  0x0967d800 JavaThread "Timer-0" [_thread_blocked, id=6112, stack(0x09830000,0x098b0000)]
  0x09672400 JavaThread "AWT-Windows" daemon [_thread_blocked, id=5436, stack(0x09790000,0x09810000)]
  0x09671400 JavaThread "AWT-Shutdown" [_thread_blocked, id=4820, stack(0x09710000,0x09790000)]
  0x09670800 JavaThread "Java2D Disposer" daemon [_thread_blocked, id=2156, stack(0x09690000,0x09710000)]
  0x02d12000 JavaThread "JMI Unnamed Thread" [_thread_in_native, id=4164, stack(0x03570000,0x03d70000)]
  0x02cbb000 JavaThread "Low Memory Detector" daemon [_thread_blocked, id=4840, stack(0x08810000,0x08890000)]
  0x02cb5c00 JavaThread "CompilerThread0" daemon [_thread_blocked, id=5884, stack(0x08010000,0x08810000)]
  0x02cb1400 JavaThread "Attach Listener" daemon [_thread_blocked, id=2092, stack(0x07f90000,0x08010000)]
  0x02c9c800 JavaThread "Finalizer" daemon [_thread_blocked, id=2592, stack(0x07f10000,0x07f90000)]
  0x02c9b400 JavaThread "Reference Handler" daemon [_thread_blocked, id=1068, stack(0x07e90000,0x07f10000)]
=>0x02a2cc00 JavaThread "main" [_thread_in_native, id=4476, stack(0x00430000,0x00c30000)]

Other Threads:
  0x02c96c00 VMThread [stack: 0x07690000,0x07e90000] [id=4504]
  0x02ccdc00 WatcherThread [stack: 0x08890000,0x09090000] [id=4536]

VM state:at safepoint (normal execution)

VM Mutex/Monitor currently owned by a thread:  ([mutex/lock_event])
[0x02a2c198/0x00000334] Threads_lock - owner thread: 0x02c96c00
[0x02a2c338/0x00000374] Heap_lock - owner thread: 0x09d7b400

Heap
 def new generation   total 29504K, used 29503K [0x10010000, 0x12010000, 0x12010000)
  eden space 26240K, 100% used [0x10010000, 0x119b0000, 0x119b0000)
  from space 3264K,  99% used [0x11ce0000, 0x1200ffe0, 0x12010000)
  to   space 3264K,   0% used [0x119b0000, 0x119b0000, 0x11ce0000)
 tenured generation   total 98304K, used 98304K [0x12010000, 0x18010000, 0x18010000)
   the space 98304K, 100% used [0x12010000, 0x18010000, 0x18010000, 0x18010000)
 compacting perm gen  total 35072K, used 34893K [0x18010000, 0x1a250000, 0x1c010000)
   the space 35072K,  99% used [0x18010000, 0x1a223768, 0x1a223800, 0x1a250000)
No shared spaces configured.

Dynamic libraries:
0x00400000 - 0x0042f000 	C:\Program Files\MATLAB\R2009a\bin\win32\MATLAB.exe
0x7c900000 - 0x7c9b0000 	C:\WINDOWS\system32\ntdll.dll
0x7c800000 - 0x7c8f4000 	C:\WINDOWS\system32\kernel32.dll
0x00240000 - 0x00274000 	C:\Program Files\AVAST Software\Avast\snxhk.dll
0x7b280000 - 0x7b34a000 	C:\Program Files\MATLAB\R2009a\bin\win32\libut.dll
0x76c90000 - 0x76cb8000 	C:\WINDOWS\system32\imagehlp.dll
0x77c10000 - 0x77c68000 	C:\WINDOWS\system32\msvcrt.dll
0x76bf0000 - 0x76bfb000 	C:\WINDOWS\system32\PSAPI.DLL
0x7bba0000 - 0x7bbbf000 	C:\Program Files\MATLAB\R2009a\bin\win32\LIBEXPAT.dll
0x78130000 - 0x781cb000 	C:\WINDOWS\WinSxS\x86_Microsoft.VC80.CRT_1fc8b3b9a1e18e3b_8.0.50727.762_x-ww_6b128700\MSVCR80.dll
0x7b6b0000 - 0x7b791000 	C:\Program Files\MATLAB\R2009a\bin\win32\icuuc38.dll
0x77dd0000 - 0x77e6b000 	C:\WINDOWS\system32\ADVAPI32.dll
0x77e70000 - 0x77f01000 	C:\WINDOWS\system32\RPCRT4.dll
0x7ad90000 - 0x7ad94000 	C:\Program Files\MATLAB\R2009a\bin\win32\icudt38.dll
0x7ada0000 - 0x7adac000 	C:\Program Files\MATLAB\R2009a\bin\win32\icuio38.dll
0x7afe0000 - 0x7b0c4000 	C:\Program Files\MATLAB\R2009a\bin\win32\icuin38.dll
0x7c420000 - 0x7c4a7000 	C:\WINDOWS\WinSxS\x86_Microsoft.VC80.CRT_1fc8b3b9a1e18e3b_8.0.50727.762_x-ww_6b128700\MSVCP80.dll
0x77d40000 - 0x77dd0000 	C:\WINDOWS\system32\USER32.dll
0x77f10000 - 0x77f56000 	C:\WINDOWS\system32\GDI32.dll
0x782e0000 - 0x78317000 	C:\Program Files\MATLAB\R2009a\bin\win32\libmwfl.dll
0x10000000 - 0x1000e000 	C:\Program Files\MATLAB\R2009a\bin\win32\boost_date_time-vc80-mt-1_36.dll
0x00300000 - 0x00310000 	C:\Program Files\MATLAB\R2009a\bin\win32\boost_signals-vc80-mt-1_36.dll
0x00320000 - 0x00327000 	C:\Program Files\MATLAB\R2009a\bin\win32\boost_system-vc80-mt-1_36.dll
0x00340000 - 0x0034c000 	C:\Program Files\MATLAB\R2009a\bin\win32\boost_thread-vc80-mt-1_36.dll
0x7b3b0000 - 0x7b59a000 	C:\Program Files\MATLAB\R2009a\bin\win32\libmwservices.dll
0x7b350000 - 0x7b3aa000 	C:\Program Files\MATLAB\R2009a\bin\win32\libmx.dll
0x787a0000 - 0x787b3000 	C:\Program Files\MATLAB\R2009a\bin\win32\zlib1.dll
0x7b5a0000 - 0x7b6af000 	C:\Program Files\MATLAB\R2009a\bin\win32\libmwmathutil.dll
0x79510000 - 0x79543000 	C:\Program Files\MATLAB\R2009a\bin\win32\mpath.dll
0x003a0000 - 0x003cf000 	C:\Program Files\MATLAB\R2009a\bin\win32\mlutil.dll
0x00c30000 - 0x00c69000 	C:\Program Files\MATLAB\R2009a\bin\win32\tbb.dll
0x00c70000 - 0x00d07000 	C:\WINDOWS\system32\COMCTL32.dll
0x763b0000 - 0x763f9000 	C:\WINDOWS\system32\comdlg32.dll
0x77f60000 - 0x77fd6000 	C:\WINDOWS\system32\SHLWAPI.dll
0x7c9c0000 - 0x7d1d4000 	C:\WINDOWS\system32\SHELL32.dll
0x00d10000 - 0x00d64000 	C:\WINDOWS\system32\NETAPI32.dll
0x71ab0000 - 0x71ac7000 	C:\WINDOWS\system32\WS2_32.dll
0x71aa0000 - 0x71aa8000 	C:\WINDOWS\system32\WS2HELP.dll
0x79a80000 - 0x79ad3000 	C:\Program Files\MATLAB\R2009a\bin\win32\mcr.dll
0x7adb0000 - 0x7adeb000 	C:\Program Files\MATLAB\R2009a\bin\win32\iqm.dll
0x7a080000 - 0x7a558000 	C:\Program Files\MATLAB\R2009a\bin\win32\m_interpreter.dll
0x7ae00000 - 0x7ae0c000 	C:\Program Files\MATLAB\R2009a\bin\win32\libmex.dll
0x79960000 - 0x799b7000 	C:\Program Files\MATLAB\R2009a\bin\win32\m_dispatcher.dll
0x78670000 - 0x7868c000 	C:\Program Files\MATLAB\R2009a\bin\win32\datasvcs.dll
0x78df0000 - 0x78fb2000 	C:\Program Files\MATLAB\R2009a\bin\win32\xerces-c_2_7.dll
0x00dc0000 - 0x00e5d000 	C:\Program Files\MATLAB\R2009a\bin\win32\boost_regex-vc80-mt-1_36.dll
0x79870000 - 0x798c7000 	C:\Program Files\MATLAB\R2009a\bin\win32\profiler.dll
0x7ae60000 - 0x7ae7e000 	C:\Program Files\MATLAB\R2009a\bin\win32\libmwmathrng.dll
0x78720000 - 0x78732000 	C:\Program Files\MATLAB\R2009a\bin\win32\m_pcodeio.dll
0x794d0000 - 0x79507000 	C:\Program Files\MATLAB\R2009a\bin\win32\m_ir.dll
0x79b60000 - 0x7a077000 	C:\Program Files\MATLAB\R2009a\bin\win32\m_parser.dll
0x7adf0000 - 0x7adfe000 	C:\Program Files\MATLAB\R2009a\bin\win32\ir_xfmr.dll
0x78320000 - 0x78468000 	C:\Program Files\MATLAB\R2009a\bin\win32\mcos.dll
0x7aea0000 - 0x7aeaa000 	C:\Program Files\MATLAB\R2009a\bin\win32\mtok.dll
0x78700000 - 0x78716000 	C:\Program Files\MATLAB\R2009a\bin\win32\m_pcodegen.dll
0x78650000 - 0x7866b000 	C:\Program Files\MATLAB\R2009a\bin\win32\bridge.dll
0x7aae0000 - 0x7ab64000 	C:\Program Files\MATLAB\R2009a\bin\win32\udd.dll
0x7b7a0000 - 0x7b89b000 	C:\Program Files\MATLAB\R2009a\bin\win32\libmwgui.dll
0x78800000 - 0x789f1000 	C:\Program Files\MATLAB\R2009a\bin\win32\hg.dll
0x78690000 - 0x786b2000 	C:\Program Files\MATLAB\R2009a\bin\win32\libmat.dll
0x7b0d0000 - 0x7b275000 	C:\Program Files\MATLAB\R2009a\bin\win32\libhdf5.dll
0x793e0000 - 0x7941e000 	C:\Program Files\MATLAB\R2009a\bin\win32\jmi.dll
0x790f0000 - 0x7911c000 	C:\Program Files\MATLAB\R2009a\bin\win32\libmwhardcopy.dll
0x79490000 - 0x794c7000 	C:\Program Files\MATLAB\R2009a\bin\win32\libuij.dll
0x78d50000 - 0x78de5000 	C:\Program Files\MATLAB\R2009a\bin\win32\libmwmathlinalg.dll
0x78a60000 - 0x78d42000 	C:\Program Files\MATLAB\R2009a\bin\win32\libmwmathelem.dll
0x78a00000 - 0x78a52000 	C:\Program Files\MATLAB\R2009a\bin\win32\libmwmathcore.dll
0x798d0000 - 0x79917000 	C:\Program Files\MATLAB\R2009a\bin\win32\libmwcholmod.dll
0x7ae10000 - 0x7ae1a000 	C:\Program Files\MATLAB\R2009a\bin\win32\libmwamd.dll
0x7ae40000 - 0x7ae49000 	C:\Program Files\MATLAB\R2009a\bin\win32\libmwcolamd.dll
0x7ae30000 - 0x7ae3d000 	C:\Program Files\MATLAB\R2009a\bin\win32\libmwblas.dll
0x7ae20000 - 0x7ae2c000 	C:\Program Files\MATLAB\R2009a\bin\win32\libmwbinder.dll
0x786c0000 - 0x786f8000 	C:\Program Files\MATLAB\R2009a\bin\win32\libmwlapack.dll
0x01020000 - 0x01055000 	C:\Program Files\MATLAB\R2009a\bin\win32\libmwrookfastbp.dll
0x79120000 - 0x7915c000 	C:\Program Files\MATLAB\R2009a\bin\win32\libmwma57.dll
0x7aef0000 - 0x7afd9000 	C:\Program Files\MATLAB\R2009a\bin\win32\libifcoremd.dll
0x79550000 - 0x79813000 	C:\Program Files\MATLAB\R2009a\bin\win32\libmmd.dll
0x7ae50000 - 0x7ae5c000 	C:\Program Files\MATLAB\R2009a\bin\win32\libmwcsparse.dll
0x79a20000 - 0x79a73000 	C:\Program Files\MATLAB\R2009a\bin\win32\libmwumfpack.dll
0x010a0000 - 0x01147000 	C:\Program Files\MATLAB\R2009a\bin\win32\hgdatatypes.dll
0x7ab70000 - 0x7ad89000 	C:\Program Files\MATLAB\R2009a\bin\win32\uiw.dll
0x7aee0000 - 0x7aee9000 	C:\Program Files\MATLAB\R2009a\bin\win32\uinone.dll
0x781d0000 - 0x782df000 	C:\WINDOWS\WinSxS\x86_Microsoft.VC80.MFC_1fc8b3b9a1e18e3b_8.0.50727.762_x-ww_3bf8fa05\MFC80.DLL
0x73000000 - 0x73026000 	C:\WINDOWS\system32\WINSPOOL.DRV
0x774e0000 - 0x7761c000 	C:\WINDOWS\system32\ole32.dll
0x77120000 - 0x771ac000 	C:\WINDOWS\system32\OLEAUT32.dll
0x79ae0000 - 0x79b55000 	C:\Program Files\MATLAB\R2009a\bin\win32\udd_mi.dll
0x78740000 - 0x78753000 	C:\Program Files\MATLAB\R2009a\bin\win32\mwoles05.DLL
0x79820000 - 0x79864000 	C:\Program Files\MATLAB\R2009a\bin\win32\comcli.dll
0x7c630000 - 0x7c64b000 	C:\WINDOWS\WinSxS\x86_Microsoft.VC80.ATL_1fc8b3b9a1e18e3b_8.0.50727.762_x-ww_cbb27474\ATL80.DLL
0x7ae90000 - 0x7ae9b000 	C:\Program Files\MATLAB\R2009a\bin\win32\mlautoregister.dll
0x01610000 - 0x01619000 	C:\WINDOWS\system32\LPK.DLL
0x74d90000 - 0x74dfb000 	C:\WINDOWS\system32\USP10.dll
0x773d0000 - 0x774d2000 	C:\WINDOWS\WinSxS\x86_Microsoft.Windows.Common-Controls_6595b64144ccf1df_6.0.2600.2180_x-ww_a84f1ff9\comctl32.dll
0x02880000 - 0x0288e000 	C:\WINDOWS\WinSxS\x86_Microsoft.VC80.MFCLOC_1fc8b3b9a1e18e3b_8.0.50727.762_x-ww_91481303\MFC80ENU.DLL
0x028b0000 - 0x028e8000 	C:\WINDOWS\system32\uxtheme.dll
0x74720000 - 0x7476b000 	C:\WINDOWS\system32\MSCTF.dll
0x76d60000 - 0x76d79000 	C:\WINDOWS\system32\iphlpapi.dll
0x77fe0000 - 0x77ff1000 	C:\WINDOWS\system32\Secur32.dll
0x74290000 - 0x74294000 	C:\WINDOWS\system32\icmp.Dll
0x79190000 - 0x793e0000 	C:\Program Files\MATLAB\R2009a\sys\java\jre\win32\jre\bin\client\jvm.dll
0x76b40000 - 0x76b6d000 	C:\WINDOWS\system32\WINMM.dll
0x029c0000 - 0x02a16000 	C:\Program Files\MATLAB\R2009a\bin\win32\MSVCR71.dll
0x02a40000 - 0x02ae1000 	C:\WINDOWS\system32\DBGHELP.dll
0x77c00000 - 0x77c08000 	C:\WINDOWS\system32\VERSION.dll
0x79920000 - 0x79928000 	C:\Program Files\MATLAB\R2009a\sys\java\jre\win32\jre\bin\hpi.dll
0x79940000 - 0x7994c000 	C:\Program Files\MATLAB\R2009a\sys\java\jre\win32\jre\bin\verify.dll
0x787c0000 - 0x787df000 	C:\Program Files\MATLAB\R2009a\sys\java\jre\win32\jre\bin\java.dll
0x79950000 - 0x7995f000 	C:\Program Files\MATLAB\R2009a\sys\java\jre\win32\jre\bin\zip.dll
0x78fc0000 - 0x790ee000 	C:\Program Files\MATLAB\R2009a\sys\java\jre\win32\jre\bin\awt.dll
0x76390000 - 0x763ad000 	C:\WINDOWS\system32\IMM32.dll
0x78760000 - 0x78778000 	C:\Program Files\MATLAB\R2009a\bin\win32\nativejava.dll
0x78780000 - 0x7879d000 	C:\Program Files\MATLAB\R2009a\bin\win32\nativejmi.dll
0x7aed0000 - 0x7aed6000 	C:\Program Files\MATLAB\R2009a\bin\win32\nativeservices.dll
0x799c0000 - 0x79a13000 	C:\Program Files\MATLAB\R2009a\sys\java\jre\win32\jre\bin\fontmanager.dll
0x787e0000 - 0x787f3000 	C:\Program Files\MATLAB\R2009a\sys\java\jre\win32\jre\bin\net.dll
0x79930000 - 0x79939000 	C:\Program Files\MATLAB\R2009a\sys\java\jre\win32\jre\bin\nio.dll
0x0a510000 - 0x0a516000 	C:\Program Files\MATLAB\R2009a\bin\win32\nativelmgr.dll
0x0a5b0000 - 0x0a5d4000 	C:\Program Files\MATLAB\R2009a\sys\java\jre\win32\jre\bin\jpeg.dll
0x0a700000 - 0x0a890000 	C:\Program Files\MATLAB\R2009a\bin\win32\instutil.dll
0x71a50000 - 0x71a8f000 	C:\WINDOWS\System32\mswsock.dll
0x76f20000 - 0x76f47000 	C:\WINDOWS\system32\DNSAPI.dll
0x76fb0000 - 0x76fb8000 	C:\WINDOWS\System32\winrnr.dll
0x76f60000 - 0x76f8c000 	C:\WINDOWS\system32\WLDAP32.dll
0x76fc0000 - 0x76fc6000 	C:\WINDOWS\system32\rasadhlp.dll
0x7aeb0000 - 0x7aeb9000 	C:\Program Files\MATLAB\R2009a\bin\win32\nativecmdwin.dll
0x0ffd0000 - 0x0fff8000 	C:\WINDOWS\system32\rsaenh.dll
0x769c0000 - 0x76a73000 	C:\WINDOWS\system32\USERENV.dll

VM Arguments:
jvm_args: -Xss512k -XX:PermSize=32m -Xms64m -XX:NewRatio=3 -XX:MaxPermSize=64m -Xmx128m -XX:MaxDirectMemorySize=1200000000 -Dsun.java2d.noddraw=true -Dsun.awt.nopixfmt=true -Xshare:off -Xrs -Djava.library.path=C:\Program Files\MATLAB\R2009a\bin\win32 vfprintf abort 
java_command: <unknown>
Launcher Type: generic

Environment Variables:
PATH=C:\WINDOWS\system32;C:\WINDOWS;C:\WINDOWS\system32\wbem;C:\Program Files\MATLAB\R2009a\bin;C:\Program Files\MATLAB\R2009a\bin\win32;C:\Program Files\MATLAB\R2008a\bin;C:\Program Files\MATLAB\R2008a\bin\win32;C:\Program Files\MATLAB\R2007a\bin;C:\Program Files\MATLAB\R2007a\bin\win32;C:\VXIPNP\WinNT\Bin;C:\Program Files\IVI\bin;C:\Program Files\Intel\DMIX;C:\Program Files\Common Files\Acronis\SnapAPI\
USERNAME=Administrator
OS=Windows_NT
PROCESSOR_IDENTIFIER=x86 Family 6 Model 15 Stepping 6, GenuineIntel



---------------  S Y S T E M  ---------------

OS: Windows XP Build 2600 Service Pack 2

CPU:total 2 (2 cores per cpu, 1 threads per core) family 6 model 15 stepping 6, cmov, cx8, fxsr, mmx, sse, sse2, sse3, ssse3

Memory: 4k page, physical 2096428k(868916k free), swap 4031884k(2913396k free)

vm_info: Java HotSpot(TM) Client VM (10.0-b19) for windows-x86 JRE (1.6.0_04-b12), built on Dec 14 2007 00:51:20 by "java_re" with MS VC++ 7.1

time: Wed Aug 10 12:02:48 2011
elapsed time: 97880 seconds

